yarn run v1.22.4
$ react-scripts start
Admin permissions are required to run a server on a port below 1024.
Done in 1.18s.
yarn run v1.22.4
$ react-scripts start
[34mℹ[39m [90m｢wds｣[39m: Project is running at http://0.0.0.0:80/
[34mℹ[39m [90m｢wds｣[39m: webpack output is served from 
[34mℹ[39m [90m｢wds｣[39m: Content not from webpack is served from /home/foorx/renxiang.cloud/public
[34mℹ[39m [90m｢wds｣[39m: 404s will fallback to /
Starting the development server...

events.js:292
      throw er; // Unhandled 'error' event
      ^

Error: EBADF: bad file descriptor, read
Emitted 'error' event on ReadStream instance at:
    at internal/fs/streams.js:217:14
    at FSReqCallback.wrapper [as oncomplete] (fs.js:524:5) {
  errno: -9,
  code: 'EBADF',
  syscall: 'read'
}
error Command failed with exit code 1.
info Visit https://yarnpkg.com/en/docs/cli/run for documentation about this command.
